<?xml version="1.0" encoding="UTF-8"?>
<testng-results ignored="0" total="1" passed="1" failed="0" skipped="0">
  <reporter-output>
  </reporter-output>
  <suite started-at="2023-12-13T17:05:11 IST" name="Default suite" finished-at="2023-12-13T17:05:13 IST" duration-ms="2314">
    <groups>
    </groups>
    <test started-at="2023-12-13T17:05:11 IST" name="Default test" finished-at="2023-12-13T17:05:13 IST" duration-ms="2314">
      <class name="saASDFGJ.TZXHJ">
        <test-method signature="login()[pri:0, instance:saASDFGJ.TZXHJ@6b695b06]" started-at="2023-12-13T17:05:11 IST" name="login" finished-at="2023-12-13T17:05:13 IST" duration-ms="2281" status="PASS">
          <reporter-output>
          </reporter-output>
        </test-method> <!-- login -->
      </class> <!-- saASDFGJ.TZXHJ -->
    </test> <!-- Default test -->
  </suite> <!-- Default suite -->
</testng-results>
